<?xml version="1.0" encoding="UTF-8"?>
<testng-results ignored="0" total="2" passed="1" failed="1" skipped="0">
  <reporter-output>
  </reporter-output>
  <suite started-at="2024-08-05T16:41:05 IST" name="Suite" finished-at="2024-08-05T16:42:08 IST" duration-ms="62701">
    <groups>
    </groups>
    <test started-at="2024-08-05T16:41:05 IST" name="Test" finished-at="2024-08-05T16:42:08 IST" duration-ms="62701">
      <class name="testScripts.accounttestcase">
        <test-method signature="test1()[pri:0, instance:testScripts.accounttestcase@a53bb6f]" started-at="2024-08-05T16:41:13 IST" name="test1" finished-at="2024-08-05T16:42:08 IST" duration-ms="55527" status="FAIL">
          <exception class="org.openqa.selenium.ElementNotInteractableException">
            <message>
              <![CDATA[element not interactable
  (Session info: chrome=127.0.6533.89)
Build info: version: '4.21.0', revision: '79ed462ef4'
System info: os.name: 'Windows 10', os.arch: 'amd64', os.version: '10.0', java.version: '17.0.3'
Driver info: org.openqa.selenium.chrome.ChromeDriver
Command: [9a4bbec64c3335e413fcd6c43ff7617f, clickElement {id=f.026398E05216299392E565D261951510.d.B53F401ABD0B1229D168C08D1FB52988.e.5125}]
Capabilities {acceptInsecureCerts: false, browserName: chrome, browserVersion: 127.0.6533.89, chrome: {chromedriverVersion: 127.0.6533.88 (a2d0cb026721..., userDataDir: C:\Users\ZIBTEK\AppData\Loc...}, fedcm:accounts: true, goog:chromeOptions: {debuggerAddress: localhost:49771}, networkConnectionEnabled: false, pageLoadStrategy: normal, platformName: windows, proxy: Proxy(), se:cdp: ws://localhost:49771/devtoo..., se:cdpVersion: 127.0.6533.89, setWindowRect: true, strictFileInteractability: false, timeouts: {implicit: 0, pageLoad: 300000, script: 30000}, unhandledPromptBehavior: dismiss and notify, webauthn:extension:credBlob: true, webauthn:extension:largeBlob: true, webauthn:extension:minPinLength: true, webauthn:extension:prf: true, webauthn:virtualAuthenticators: true}
Element: [[ChromeDriver: chrome on windows (9a4bbec64c3335e413fcd6c43ff7617f)] -> xpath: (//*[text()='CREATE'])[2]]
Session ID: 9a4bbec64c3335e413fcd6c43ff7617f]]>
            </message>
            <full-stacktrace>
              <![CDATA[org.openqa.selenium.ElementNotInteractableException: element not interactable
  (Session info: chrome=127.0.6533.89)
Build info: version: '4.21.0', revision: '79ed462ef4'
System info: os.name: 'Windows 10', os.arch: 'amd64', os.version: '10.0', java.version: '17.0.3'
Driver info: org.openqa.selenium.chrome.ChromeDriver
Command: [9a4bbec64c3335e413fcd6c43ff7617f, clickElement {id=f.026398E05216299392E565D261951510.d.B53F401ABD0B1229D168C08D1FB52988.e.5125}]
Capabilities {acceptInsecureCerts: false, browserName: chrome, browserVersion: 127.0.6533.89, chrome: {chromedriverVersion: 127.0.6533.88 (a2d0cb026721..., userDataDir: C:\Users\ZIBTEK\AppData\Loc...}, fedcm:accounts: true, goog:chromeOptions: {debuggerAddress: localhost:49771}, networkConnectionEnabled: false, pageLoadStrategy: normal, platformName: windows, proxy: Proxy(), se:cdp: ws://localhost:49771/devtoo..., se:cdpVersion: 127.0.6533.89, setWindowRect: true, strictFileInteractability: false, timeouts: {implicit: 0, pageLoad: 300000, script: 30000}, unhandledPromptBehavior: dismiss and notify, webauthn:extension:credBlob: true, webauthn:extension:largeBlob: true, webauthn:extension:minPinLength: true, webauthn:extension:prf: true, webauthn:virtualAuthenticators: true}
Element: [[ChromeDriver: chrome on windows (9a4bbec64c3335e413fcd6c43ff7617f)] -> xpath: (//*[text()='CREATE'])[2]]
Session ID: 9a4bbec64c3335e413fcd6c43ff7617f
at java.base/jdk.internal.reflect.NativeConstructorAccessorImpl.newInstance0(Native Method)
at java.base/jdk.internal.reflect.NativeConstructorAccessorImpl.newInstance(NativeConstructorAccessorImpl.java:77)
at java.base/jdk.internal.reflect.DelegatingConstructorAccessorImpl.newInstance(DelegatingConstructorAccessorImpl.java:45)
at java.base/java.lang.reflect.Constructor.newInstanceWithCaller(Constructor.java:499)
at java.base/java.lang.reflect.Constructor.newInstance(Constructor.java:480)
at org.openqa.selenium.remote.ErrorCodec.decode(ErrorCodec.java:167)
at org.openqa.selenium.remote.codec.w3c.W3CHttpResponseCodec.decode(W3CHttpResponseCodec.java:138)
at org.openqa.selenium.remote.codec.w3c.W3CHttpResponseCodec.decode(W3CHttpResponseCodec.java:50)
at org.openqa.selenium.remote.HttpCommandExecutor.execute(HttpCommandExecutor.java:190)
at org.openqa.selenium.remote.service.DriverCommandExecutor.invokeExecute(DriverCommandExecutor.java:216)
at org.openqa.selenium.remote.service.DriverCommandExecutor.execute(DriverCommandExecutor.java:174)
at org.openqa.selenium.remote.RemoteWebDriver.execute(RemoteWebDriver.java:518)
at org.openqa.selenium.remote.RemoteWebElement.execute(RemoteWebElement.java:223)
at org.openqa.selenium.remote.RemoteWebElement.click(RemoteWebElement.java:76)
at java.base/jdk.internal.reflect.NativeMethodAccessorImpl.invoke0(Native Method)
at java.base/jdk.internal.reflect.NativeMethodAccessorImpl.invoke(NativeMethodAccessorImpl.java:77)
at java.base/jdk.internal.reflect.DelegatingMethodAccessorImpl.invoke(DelegatingMethodAccessorImpl.java:43)
at java.base/java.lang.reflect.Method.invoke(Method.java:568)
at org.openqa.selenium.support.pagefactory.internal.LocatingElementHandler.invoke(LocatingElementHandler.java:51)
at jdk.proxy2/jdk.proxy2.$Proxy14.click(Unknown Source)
at testScripts.accounttestcase.test1(accounttestcase.java:32)
at java.base/jdk.internal.reflect.NativeMethodAccessorImpl.invoke0(Native Method)
at java.base/jdk.internal.reflect.NativeMethodAccessorImpl.invoke(NativeMethodAccessorImpl.java:77)
at java.base/jdk.internal.reflect.DelegatingMethodAccessorImpl.invoke(DelegatingMethodAccessorImpl.java:43)
at java.base/java.lang.reflect.Method.invoke(Method.java:568)
at org.testng.internal.invokers.MethodInvocationHelper.invokeMethod(MethodInvocationHelper.java:139)
at org.testng.internal.invokers.TestInvoker.invokeMethod(TestInvoker.java:664)
at org.testng.internal.invokers.TestInvoker.invokeTestMethod(TestInvoker.java:227)
at org.testng.internal.invokers.MethodRunner.runInSequence(MethodRunner.java:50)
at org.testng.internal.invokers.TestInvoker$MethodInvocationAgent.invoke(TestInvoker.java:957)
at org.testng.internal.invokers.TestInvoker.invokeTestMethods(TestInvoker.java:200)
at org.testng.internal.invokers.TestMethodWorker.invokeTestMethods(TestMethodWorker.java:148)
at org.testng.internal.invokers.TestMethodWorker.run(TestMethodWorker.java:128)
at java.base/java.util.ArrayList.forEach(ArrayList.java:1511)
at org.testng.TestRunner.privateRun(TestRunner.java:848)
at org.testng.TestRunner.run(TestRunner.java:621)
at org.testng.SuiteRunner.runTest(SuiteRunner.java:443)
at org.testng.SuiteRunner.runSequentially(SuiteRunner.java:437)
at org.testng.SuiteRunner.privateRun(SuiteRunner.java:397)
at org.testng.SuiteRunner.run(SuiteRunner.java:336)
at org.testng.SuiteRunnerWorker.runSuite(SuiteRunnerWorker.java:52)
at org.testng.SuiteRunnerWorker.run(SuiteRunnerWorker.java:95)
at org.testng.TestNG.runSuitesSequentially(TestNG.java:1280)
at org.testng.TestNG.runSuitesLocally(TestNG.java:1200)
at org.testng.TestNG.runSuites(TestNG.java:1114)
at org.testng.TestNG.run(TestNG.java:1082)
at org.testng.remote.AbstractRemoteTestNG.run(AbstractRemoteTestNG.java:115)
at org.testng.remote.RemoteTestNG.initAndRun(RemoteTestNG.java:251)
at org.testng.remote.RemoteTestNG.main(RemoteTestNG.java:77)
]]>
            </full-stacktrace>
          </exception> <!-- org.openqa.selenium.ElementNotInteractableException -->
          <reporter-output>
          </reporter-output>
        </test-method> <!-- test1 -->
      </class> <!-- testScripts.accounttestcase -->
      <class name="testScripts.logintestcase">
        <test-method is-config="true" signature="browsersetup()[pri:0, instance:testScripts.logintestcase@5c09d180]" started-at="2024-08-05T16:41:06 IST" name="browsersetup" finished-at="2024-08-05T16:41:09 IST" duration-ms="3382" status="PASS">
          <reporter-output>
          </reporter-output>
        </test-method> <!-- browsersetup -->
        <test-method signature="testcase()[pri:0, instance:testScripts.logintestcase@5c09d180]" started-at="2024-08-05T16:41:09 IST" name="testcase" finished-at="2024-08-05T16:41:11 IST" duration-ms="1569" status="PASS">
          <reporter-output>
          </reporter-output>
        </test-method> <!-- testcase -->
        <test-method is-config="true" signature="quitt()[pri:0, instance:testScripts.logintestcase@5c09d180]" started-at="2024-08-05T16:41:11 IST" name="quitt" finished-at="2024-08-05T16:41:13 IST" duration-ms="2010" status="PASS">
          <reporter-output>
          </reporter-output>
        </test-method> <!-- quitt -->
      </class> <!-- testScripts.logintestcase -->
    </test> <!-- Test -->
  </suite> <!-- Suite -->
</testng-results>
